#
# A fatal error has been detected by the Java Runtime Environment:
#
#  Internal Error (constantPoolOop.cpp:91), pid=61223, tid=14607
#  guarantee(error != (Symbol*)NULL) failed: tag mismatch with resolution error table
#
# JRE version: 7.0_07-b10
# Java VM: Java HotSpot(TM) 64-Bit Server VM (23.3-b01 mixed mode bsd-amd64 compressed oops)
# Failed to write core dump. Core dumps have been disabled. To enable core dumping, try "ulimit -c unlimited" before starting Java again
#
# If you would like to submit a bug report, please visit:
#   http://bugreport.sun.com/bugreport/crash.jsp
#

---------------  T H R E A D  ---------------

Current thread (0x00007fe5ad815800):  JavaThread "listenerPool0-thread5" daemon [_thread_in_vm, id=14607, stack(0x00000001124db000,0x00000001125db000)]

Stack: [0x00000001124db000,0x00000001125db000],  sp=0x00000001125d9c60,  free space=1019k
Native frames: (J=compiled Java code, j=interpreted, Vv=VM code, C=native code)
V  [libjvm.dylib+0x4a34f7]
V  [libjvm.dylib+0x1b245b]
V  [libjvm.dylib+0x1aeead]
V  [libjvm.dylib+0x33219e]
V  [libjvm.dylib+0x3322e7]
V  [libjvm.dylib+0x3329c7]
V  [libjvm.dylib+0x284a49]
j  org.poker.irc.messagehandler.BitcoinMessageEventHandler.onMessage(Lorg/pircbotx/hooks/events/MessageEvent;)V+0
j  org.poker.irc.EventHandler.onMessage(Lorg/pircbotx/hooks/events/MessageEvent;)V+68
j  org.pircbotx.hooks.ListenerAdapter.onEvent(Lorg/pircbotx/hooks/Event;)V+210
j  org.pircbotx.hooks.managers.ThreadedListenerManager$1.call()Ljava/lang/Void;+18
j  org.pircbotx.hooks.managers.ThreadedListenerManager$1.call()Ljava/lang/Object;+1
j  java.util.concurrent.FutureTask$Sync.innerRun()V+29
j  java.util.concurrent.FutureTask.run()V+4
j  java.util.concurrent.ThreadPoolExecutor.runWorker(Ljava/util/concurrent/ThreadPoolExecutor$Worker;)V+46
j  java.util.concurrent.ThreadPoolExecutor$Worker.run()V+5
j  java.lang.Thread.run()V+11
v  ~StubRoutines::call_stub
V  [libjvm.dylib+0x288afb]
V  [libjvm.dylib+0x288fd8]
V  [libjvm.dylib+0x289112]
V  [libjvm.dylib+0x2bfa8c]
V  [libjvm.dylib+0x478694]
V  [libjvm.dylib+0x479b7a]
V  [libjvm.dylib+0x3b5595]
C  [libsystem_pthread.dylib+0x1899]  _pthread_body+0x8a
C  [libsystem_pthread.dylib+0x172a]  _pthread_struct_init+0x0
C  [libsystem_pthread.dylib+0x5fc9]  thread_start+0xd

Java frames: (J=compiled Java code, j=interpreted, Vv=VM code)
j  org.poker.irc.messagehandler.BitcoinMessageEventHandler.onMessage(Lorg/pircbotx/hooks/events/MessageEvent;)V+0
j  org.poker.irc.EventHandler.onMessage(Lorg/pircbotx/hooks/events/MessageEvent;)V+68
j  org.pircbotx.hooks.ListenerAdapter.onEvent(Lorg/pircbotx/hooks/Event;)V+210
j  org.pircbotx.hooks.managers.ThreadedListenerManager$1.call()Ljava/lang/Void;+18
j  org.pircbotx.hooks.managers.ThreadedListenerManager$1.call()Ljava/lang/Object;+1
j  java.util.concurrent.FutureTask$Sync.innerRun()V+29
j  java.util.concurrent.FutureTask.run()V+4
j  java.util.concurrent.ThreadPoolExecutor.runWorker(Ljava/util/concurrent/ThreadPoolExecutor$Worker;)V+46
j  java.util.concurrent.ThreadPoolExecutor$Worker.run()V+5
j  java.lang.Thread.run()V+11
v  ~StubRoutines::call_stub

---------------  P R O C E S S  ---------------

Java Threads: ( => current thread )
  0x00007fe5ac800800 JavaThread "listenerPool0-thread6" daemon [_thread_blocked, id=12555, stack(0x00000001125de000,0x00000001126de000)]
=>0x00007fe5ad815800 JavaThread "listenerPool0-thread5" daemon [_thread_in_vm, id=14607, stack(0x00000001124db000,0x00000001125db000)]
  0x00007fe5ab06f000 JavaThread "Service Thread" daemon [_thread_blocked, id=18179, stack(0x00000001119b6000,0x0000000111ab6000)]
  0x00007fe5ab06a000 JavaThread "C2 CompilerThread1" daemon [_thread_blocked, id=17923, stack(0x00000001118b3000,0x00000001119b3000)]
  0x00007fe5ab068800 JavaThread "C2 CompilerThread0" daemon [_thread_blocked, id=17667, stack(0x00000001117b0000,0x00000001118b0000)]
  0x00007fe5ae800000 JavaThread "JDWP Command Reader" daemon [_thread_in_native, id=17411, stack(0x00000001116ad000,0x00000001117ad000)]
  0x00007fe5ab804000 JavaThread "JDWP Event Helper Thread" daemon [_thread_blocked, id=17155, stack(0x00000001115aa000,0x00000001116aa000)]
  0x00007fe5ab801000 JavaThread "JDWP Transport Listener: dt_socket" daemon [_thread_blocked, id=16899, stack(0x00000001114a7000,0x00000001115a7000)]
  0x00007fe5ad81c000 JavaThread "Signal Dispatcher" daemon [_thread_blocked, id=16643, stack(0x000000011139e000,0x000000011149e000)]
  0x00007fe5ae000000 JavaThread "Finalizer" daemon [_thread_blocked, id=11779, stack(0x000000011114d000,0x000000011124d000)]
  0x00007fe5ad002000 JavaThread "Reference Handler" daemon [_thread_blocked, id=11523, stack(0x000000011104a000,0x000000011114a000)]
  0x00007fe5ab00f000 JavaThread "main" [_thread_in_native, id=5891, stack(0x0000000108ca8000,0x0000000108da8000)]

Other Threads:
  0x00007fe5ab067000 VMThread [stack: 0x0000000110f47000,0x0000000111047000] [id=11267]
  0x00007fe5ab06f800 WatcherThread [stack: 0x0000000111ab9000,0x0000000111bb9000] [id=18435]

VM state:not at safepoint (normal execution)

VM Mutex/Monitor currently owned by a thread: None

Heap
 PSYoungGen      total 17088K, used 10065K [0x00000007eceb0000, 0x00000007ef010000, 0x0000000800000000)
  eden space 14656K, 52% used [0x00000007eceb0000,0x00000007ed6286d8,0x00000007edd00000)
  from space 2432K, 99% used [0x00000007edd00000,0x00000007edf5c030,0x00000007edf60000)
  to   space 2432K, 0% used [0x00000007eedb0000,0x00000007eedb0000,0x00000007ef010000)
 ParOldGen       total 39040K, used 3806K [0x00000007c6c00000, 0x00000007c9220000, 0x00000007eceb0000)
  object space 39040K, 9% used [0x00000007c6c00000,0x00000007c6fb7980,0x00000007c9220000)
 PSPermGen       total 21248K, used 14653K [0x00000007c1a00000, 0x00000007c2ec0000, 0x00000007c6c00000)
  object space 21248K, 68% used [0x00000007c1a00000,0x00000007c284f688,0x00000007c2ec0000)

Card table byte_map: [0x000000010be6a000,0x000000010c05e000] byte_map_base: 0x000000010805d000

Polling page: 0x0000000107184000

Code Cache  [0x0000000108daa000, 0x000000010901a000, 0x000000010bdaa000)
 total_blobs=389 nmethods=112 adapters=237 free_code_cache=48375Kb largest_free_block=49495616

Compilation events (10 events):
Event: 24.427 Thread 0x00007fe5ab068800 nmethod 107 0x0000000108e5f090 code [0x0000000108e5f1e0, 0x0000000108e5f378]
Event: 24.427 Thread 0x00007fe5ab068800  108             java.util.regex.Matcher::reset (83 bytes)
Event: 24.430 Thread 0x00007fe5ab068800 nmethod 108 0x0000000108e5eb50 code [0x0000000108e5eca0, 0x0000000108e5ee98]
Event: 24.442 Thread 0x00007fe5ab068800  109             java.lang.String::endsWith (17 bytes)
Event: 24.443 Thread 0x00007fe5ab06a000 nmethod 99 0x0000000108e71450 code [0x0000000108e71880, 0x0000000108e73cc0]
Event: 24.445 Thread 0x00007fe5ab068800 nmethod 109 0x0000000108e61790 code [0x0000000108e618e0, 0x0000000108e61b78]
Event: 24.445 Thread 0x00007fe5ab06a000  110             java.net.URL::getProtocol (5 bytes)
Event: 24.445 Thread 0x00007fe5ab06a000 nmethod 110 0x0000000108e64bd0 code [0x0000000108e64d00, 0x0000000108e64d78]
Event: 24.469 Thread 0x00007fe5ab068800  111             java.net.URL::getHost (5 bytes)
Event: 24.469 Thread 0x00007fe5ab068800 nmethod 111 0x0000000108e61590 code [0x0000000108e616c0, 0x0000000108e61738]

GC Heap History (6 events):
Event: 0.460 GC heap before
{Heap before GC invocations=1 (full 0):
 PSYoungGen      total 17088K, used 14656K [0x00000007eceb0000, 0x00000007ee1c0000, 0x0000000800000000)
  eden space 14656K, 100% used [0x00000007eceb0000,0x00000007edd00000,0x00000007edd00000)
  from space 2432K, 0% used [0x00000007edf60000,0x00000007edf60000,0x00000007ee1c0000)
  to   space 2432K, 0% used [0x00000007edd00000,0x00000007edd00000,0x00000007edf60000)
 ParOldGen       total 39040K, used 0K [0x00000007c6c00000, 0x00000007c9220000, 0x00000007eceb0000)
  object space 39040K, 0% used [0x00000007c6c00000,0x00000007c6c00000,0x00000007c9220000)
 PSPermGen       total 21248K, used 6850K [0x00000007c1a00000, 0x00000007c2ec0000, 0x00000007c6c00000)
  object space 21248K, 32% used [0x00000007c1a00000,0x00000007c20b0990,0x00000007c2ec0000)
Event: 0.464 GC heap after
Heap after GC invocations=1 (full 0):
 PSYoungGen      total 17088K, used 2429K [0x00000007eceb0000, 0x00000007ee1c0000, 0x0000000800000000)
  eden space 14656K, 0% used [0x00000007eceb0000,0x00000007eceb0000,0x00000007edd00000)
  from space 2432K, 99% used [0x00000007edd00000,0x00000007edf5f760,0x00000007edf60000)
  to   space 2432K, 0% used [0x00000007edf60000,0x00000007edf60000,0x00000007ee1c0000)
 ParOldGen       total 39040K, used 767K [0x00000007c6c00000, 0x00000007c9220000, 0x00000007eceb0000)
  object space 39040K, 1% used [0x00000007c6c00000,0x00000007c6cbfc18,0x00000007c9220000)
 PSPermGen       total 21248K, used 6850K [0x00000007c1a00000, 0x00000007c2ec0000, 0x00000007c6c00000)
  object space 21248K, 32% used [0x00000007c1a00000,0x00000007c20b0990,0x00000007c2ec0000)
}
Event: 24.105 GC heap before
{Heap before GC invocations=2 (full 0):
 PSYoungGen      total 17088K, used 17085K [0x00000007eceb0000, 0x00000007ee1c0000, 0x0000000800000000)
  eden space 14656K, 100% used [0x00000007eceb0000,0x00000007edd00000,0x00000007edd00000)
  from space 2432K, 99% used [0x00000007edd00000,0x00000007edf5f760,0x00000007edf60000)
  to   space 2432K, 0% used [0x00000007edf60000,0x00000007edf60000,0x00000007ee1c0000)
 ParOldGen       total 39040K, used 767K [0x00000007c6c00000, 0x00000007c9220000, 0x00000007eceb0000)
  object space 39040K, 1% used [0x00000007c6c00000,0x00000007c6cbfc18,0x00000007c9220000)
 PSPermGen       total 21248K, used 9268K [0x00000007c1a00000, 0x00000007c2ec0000, 0x00000007c6c00000)
  object space 21248K, 43% used [0x00000007c1a00000,0x00000007c230d398,0x00000007c2ec0000)
Event: 24.111 GC heap after
Heap after GC invocations=2 (full 0):
 PSYoungGen      total 17088K, used 2416K [0x00000007eceb0000, 0x00000007ee1c0000, 0x0000000800000000)
  eden space 14656K, 0% used [0x00000007eceb0000,0x00000007eceb0000,0x00000007edd00000)
  from space 2432K, 99% used [0x00000007edf60000,0x00000007ee1bc010,0x00000007ee1c0000)
  to   space 2432K, 0% used [0x00000007edd00000,0x00000007edd00000,0x00000007edf60000)
 ParOldGen       total 39040K, used 2211K [0x00000007c6c00000, 0x00000007c9220000, 0x00000007eceb0000)
  object space 39040K, 5% used [0x00000007c6c00000,0x00000007c6e28e00,0x00000007c9220000)
 PSPermGen       total 21248K, used 9268K [0x00000007c1a00000, 0x00000007c2ec0000, 0x00000007c6c00000)
  object space 21248K, 43% used [0x00000007c1a00000,0x00000007c230d398,0x00000007c2ec0000)
}
Event: 24.378 GC heap before
{Heap before GC invocations=3 (full 0):
 PSYoungGen      total 17088K, used 17072K [0x00000007eceb0000, 0x00000007ee1c0000, 0x0000000800000000)
  eden space 14656K, 100% used [0x00000007eceb0000,0x00000007edd00000,0x00000007edd00000)
  from space 2432K, 99% used [0x00000007edf60000,0x00000007ee1bc010,0x00000007ee1c0000)
  to   space 2432K, 0% used [0x00000007edd00000,0x00000007edd00000,0x00000007edf60000)
 ParOldGen       total 39040K, used 2211K [0x00000007c6c00000, 0x00000007c9220000, 0x00000007eceb0000)
  object space 39040K, 5% used [0x00000007c6c00000,0x00000007c6e28e00,0x00000007c9220000)
 PSPermGen       total 21248K, used 13859K [0x00000007c1a00000, 0x00000007c2ec0000, 0x00000007c6c00000)
  object space 21248K, 65% used [0x00000007c1a00000,0x00000007c2788f58,0x00000007c2ec0000)
Event: 24.385 GC heap after
Heap after GC invocations=3 (full 0):
 PSYoungGen      total 17088K, used 2416K [0x00000007eceb0000, 0x00000007ef010000, 0x0000000800000000)
  eden space 14656K, 0% used [0x00000007eceb0000,0x00000007eceb0000,0x00000007edd00000)
  from space 2432K, 99% used [0x00000007edd00000,0x00000007edf5c030,0x00000007edf60000)
  to   space 2432K, 0% used [0x00000007eedb0000,0x00000007eedb0000,0x00000007ef010000)
 ParOldGen       total 39040K, used 3806K [0x00000007c6c00000, 0x00000007c9220000, 0x00000007eceb0000)
  object space 39040K, 9% used [0x00000007c6c00000,0x00000007c6fb7980,0x00000007c9220000)
 PSPermGen       total 21248K, used 13859K [0x00000007c1a00000, 0x00000007c2ec0000, 0x00000007c6c00000)
  object space 21248K, 65% used [0x00000007c1a00000,0x00000007c2788f58,0x00000007c2ec0000)
}

Deoptimization events (6 events):
Event: 0.579 Thread 0x00007fe5ab00f000 Uncommon trap -83 fr.pc 0x0000000108e1e2ac
Event: 24.246 Thread 0x00007fe5ae165000 Uncommon trap -34 fr.pc 0x0000000108e17cb4
Event: 24.247 Thread 0x00007fe5ae165000 Uncommon trap -34 fr.pc 0x0000000108e17cb4
Event: 24.261 Thread 0x00007fe5ae165000 Uncommon trap -34 fr.pc 0x0000000108e17cb4
Event: 24.261 Thread 0x00007fe5ae165000 Uncommon trap -34 fr.pc 0x0000000108e17cb4
Event: 24.483 Thread 0x00007fe5ae165000 Uncommon trap -83 fr.pc 0x0000000108e3bacc

Internal exceptions (10 events):
Event: 24.480 Thread 0x00007fe5ae165000 Threw 0x00000007ed52b410 at /HUDSON/workspace/jdk7u7-2-build-macosx-amd64-product/jdk7u7/hotspot/src/share/vm/prims/jvm.cpp:1166
Event: 24.482 Thread 0x00007fe5ae165000 Threw 0x00000007ed53a238 at /HUDSON/workspace/jdk7u7-2-build-macosx-amd64-product/jdk7u7/hotspot/src/share/vm/prims/jni.cpp:716
Event: 24.482 Thread 0x00007fe5ae165000 Threw 0x00000007ed53f110 at /HUDSON/workspace/jdk7u7-2-build-macosx-amd64-product/jdk7u7/hotspot/src/share/vm/prims/jvm.cpp:1166
Event: 24.483 Thread 0x00007fe5ae165000 Implicit null exception at 0x0000000108e3b636 to 0x0000000108e3bab5
Event: 24.483 Thread 0x00007fe5ae165000 Threw 0x00000007ed5520b8 at /HUDSON/workspace/jdk7u7-2-build-macosx-amd64-product/jdk7u7/hotspot/src/share/vm/prims/jvm.cpp:1166
Event: 24.483 Thread 0x00007fe5ae165000 Threw 0x00000007ed55bd48 at /HUDSON/workspace/jdk7u7-2-build-macosx-amd64-product/jdk7u7/hotspot/src/share/vm/prims/jvm.cpp:1166
Event: 24.483 Thread 0x00007fe5ae165000 Threw 0x00000007ed562838 at /HUDSON/workspace/jdk7u7-2-build-macosx-amd64-product/jdk7u7/hotspot/src/share/vm/prims/jvm.cpp:1166
Event: 337.090 Thread 0x00007fe5ad815800 Threw 0x00000007ed5d4230 at /HUDSON/workspace/jdk7u7-2-build-macosx-amd64-product/jdk7u7/hotspot/src/share/vm/prims/jvm.cpp:1166
Event: 337.090 Thread 0x00007fe5ad815800 Threw 0x00000007ed5d8df8 at /HUDSON/workspace/jdk7u7-2-build-macosx-amd64-product/jdk7u7/hotspot/src/share/vm/prims/jvm.cpp:1166
Event: 337.090 Thread 0x00007fe5ad815800 Threw 0x00000007ed5d8f90 at /HUDSON/workspace/jdk7u7-2-build-macosx-amd64-product/jdk7u7/hotspot/src/share/vm/classfile/systemDicti

Events (10 events):
Event: 318.955 Executing VM operation: RevokeBias
Event: 318.955 Executing VM operation: RevokeBias done
Event: 318.955 Executing VM operation: RevokeBias
Event: 318.955 Executing VM operation: RevokeBias done
Event: 325.919 Executing VM operation: RedefineClasses
Event: 325.927 Executing VM operation: RedefineClasses done
Event: 337.089 loading class 0x00007fe5aae4e390
Event: 337.089 loading class 0x00007fe5aae4e390 done
Event: 377.606 Executing VM operation: RedefineClasses
Event: 377.607 Executing VM operation: RedefineClasses done


Dynamic libraries:
0x0000000001285000 	/System/Library/Frameworks/Cocoa.framework/Versions/A/Cocoa
0x0000000001285000 	/System/Library/Frameworks/Security.framework/Versions/A/Security
0x0000000001285000 	/System/Library/Frameworks/ApplicationServices.framework/Versions/A/ApplicationServices
0x0000000001285000 	/usr/lib/libz.1.dylib
0x0000000001285000 	/usr/lib/libSystem.B.dylib
0x0000000001285000 	/usr/lib/libobjc.A.dylib
0x0000000001285000 	/System/Library/Frameworks/CoreFoundation.framework/Versions/A/CoreFoundation
0x0000000001285000 	/System/Library/Frameworks/AppKit.framework/Versions/C/AppKit
0x0000000001285000 	/System/Library/Frameworks/CoreData.framework/Versions/A/CoreData
0x0000000001285000 	/System/Library/Frameworks/Foundation.framework/Versions/C/Foundation
0x0000000001285000 	/System/Library/PrivateFrameworks/RemoteViewServices.framework/Versions/A/RemoteViewServices
0x0000000001285000 	/System/Library/Frameworks/AudioToolbox.framework/Versions/A/AudioToolbox
0x0000000001285000 	/System/Library/Frameworks/AudioUnit.framework/Versions/A/AudioUnit
0x0000000001285000 	/System/Library/PrivateFrameworks/DataDetectorsCore.framework/Versions/A/DataDetectorsCore
0x0000000001285000 	/System/Library/PrivateFrameworks/DesktopServicesPriv.framework/Versions/A/DesktopServicesPriv
0x0000000001285000 	/System/Library/Frameworks/Carbon.framework/Versions/A/Frameworks/HIToolbox.framework/Versions/A/HIToolbox
0x0000000001285000 	/System/Library/Frameworks/QuartzCore.framework/Versions/A/QuartzCore
0x0000000001285000 	/System/Library/Frameworks/Carbon.framework/Versions/A/Frameworks/SpeechRecognition.framework/Versions/A/SpeechRecognition
0x0000000001285000 	/usr/lib/libauto.dylib
0x0000000001285000 	/usr/lib/libicucore.A.dylib
0x0000000001285000 	/usr/lib/libxml2.2.dylib
0x0000000001285000 	/System/Library/PrivateFrameworks/CoreUI.framework/Versions/A/CoreUI
0x0000000001285000 	/System/Library/Frameworks/CoreAudio.framework/Versions/A/CoreAudio
0x0000000001285000 	/System/Library/Frameworks/DiskArbitration.framework/Versions/A/DiskArbitration
0x0000000001285000 	/usr/lib/liblangid.dylib
0x0000000001285000 	/System/Library/PrivateFrameworks/MultitouchSupport.framework/Versions/A/MultitouchSupport
0x0000000001285000 	/System/Library/Frameworks/IOKit.framework/Versions/A/IOKit
0x0000000001285000 	/usr/lib/libDiagnosticMessagesClient.dylib
0x0000000001285000 	/System/Library/Frameworks/CoreServices.framework/Versions/A/CoreServices
0x0000000001285000 	/System/Library/PrivateFrameworks/PerformanceAnalysis.framework/Versions/A/PerformanceAnalysis
0x0000000001285000 	/System/Library/PrivateFrameworks/GenerationalStorage.framework/Versions/A/GenerationalStorage
0x0000000001285000 	/System/Library/Frameworks/OpenGL.framework/Versions/A/OpenGL
0x0000000001285000 	/System/Library/PrivateFrameworks/Sharing.framework/Versions/A/Sharing
0x0000000001285000 	/System/Library/Frameworks/ImageIO.framework/Versions/A/ImageIO
0x0000000001285000 	/System/Library/Frameworks/CoreText.framework/Versions/A/CoreText
0x0000000001285000 	/System/Library/Frameworks/CoreGraphics.framework/Versions/A/CoreGraphics
0x0000000001285000 	/System/Library/PrivateFrameworks/Backup.framework/Versions/A/Backup
0x0000000001285000 	/System/Library/Frameworks/CFNetwork.framework/Versions/A/CFNetwork
0x0000000001285000 	/System/Library/Frameworks/SystemConfiguration.framework/Versions/A/SystemConfiguration
0x0000000001285000 	/usr/lib/libCRFSuite.dylib
0x0000000001285000 	/usr/lib/libc++.1.dylib
0x0000000001285000 	/usr/lib/libc++abi.dylib
0x0000000001285000 	/usr/lib/system/libcache.dylib
0x0000000001285000 	/usr/lib/system/libcommonCrypto.dylib
0x0000000001285000 	/usr/lib/system/libcompiler_rt.dylib
0x0000000001285000 	/usr/lib/system/libcopyfile.dylib
0x0000000001285000 	/usr/lib/system/libcorecrypto.dylib
0x0000000001285000 	/usr/lib/system/libdispatch.dylib
0x0000000001285000 	/usr/lib/system/libdyld.dylib
0x0000000001285000 	/usr/lib/system/libkeymgr.dylib
0x0000000001285000 	/usr/lib/system/liblaunch.dylib
0x0000000001285000 	/usr/lib/system/libmacho.dylib
0x0000000001285000 	/usr/lib/system/libquarantine.dylib
0x0000000001285000 	/usr/lib/system/libremovefile.dylib
0x0000000001285000 	/usr/lib/system/libsystem_asl.dylib
0x0000000001285000 	/usr/lib/system/libsystem_blocks.dylib
0x0000000001285000 	/usr/lib/system/libsystem_c.dylib
0x0000000001285000 	/usr/lib/system/libsystem_configuration.dylib
0x0000000001285000 	/usr/lib/system/libsystem_dnssd.dylib
0x0000000001285000 	/usr/lib/system/libsystem_info.dylib
0x0000000001285000 	/usr/lib/system/libsystem_kernel.dylib
0x0000000001285000 	/usr/lib/system/libsystem_m.dylib
0x0000000001285000 	/usr/lib/system/libsystem_malloc.dylib
0x0000000001285000 	/usr/lib/system/libsystem_network.dylib
0x0000000001285000 	/usr/lib/system/libsystem_notify.dylib
0x0000000001285000 	/usr/lib/system/libsystem_platform.dylib
0x0000000001285000 	/usr/lib/system/libsystem_pthread.dylib
0x0000000001285000 	/usr/lib/system/libsystem_sandbox.dylib
0x0000000001285000 	/usr/lib/system/libsystem_stats.dylib
0x0000000001285000 	/usr/lib/system/libunc.dylib
0x0000000001285000 	/usr/lib/system/libunwind.dylib
0x0000000001285000 	/usr/lib/system/libxpc.dylib
0x0000000001285000 	/usr/lib/libbsm.0.dylib
0x0000000001285000 	/usr/lib/libsqlite3.dylib
0x0000000001285000 	/usr/lib/libxar.1.dylib
0x0000000001285000 	/usr/lib/libpam.2.dylib
0x0000000001285000 	/usr/lib/libOpenScriptingUtil.dylib
0x0000000001285000 	/usr/lib/libbz2.1.0.dylib
0x0000000001285000 	/System/Library/Frameworks/CoreServices.framework/Versions/A/Frameworks/CarbonCore.framework/Versions/A/CarbonCore
0x0000000001285000 	/System/Library/Frameworks/CoreServices.framework/Versions/A/Frameworks/Metadata.framework/Versions/A/Metadata
0x0000000001285000 	/System/Library/Frameworks/CoreServices.framework/Versions/A/Frameworks/OSServices.framework/Versions/A/OSServices
0x0000000001285000 	/System/Library/Frameworks/CoreServices.framework/Versions/A/Frameworks/SearchKit.framework/Versions/A/SearchKit
0x0000000001285000 	/System/Library/Frameworks/CoreServices.framework/Versions/A/Frameworks/AE.framework/Versions/A/AE
0x0000000001285000 	/System/Library/Frameworks/CoreServices.framework/Versions/A/Frameworks/LaunchServices.framework/Versions/A/LaunchServices
0x0000000001285000 	/System/Library/Frameworks/CoreServices.framework/Versions/A/Frameworks/DictionaryServices.framework/Versions/A/DictionaryServices
0x0000000001285000 	/System/Library/Frameworks/NetFS.framework/Versions/A/NetFS
0x0000000001285000 	/usr/lib/system/libkxld.dylib
0x0000000001285000 	/System/Library/PrivateFrameworks/NetAuth.framework/Versions/A/NetAuth
0x0000000001285000 	/System/Library/PrivateFrameworks/TCC.framework/Versions/A/TCC
0x0000000001285000 	/System/Library/Frameworks/OpenDirectory.framework/Versions/A/Frameworks/CFOpenDirectory.framework/Versions/A/CFOpenDirectory
0x0000000001285000 	/System/Library/Frameworks/ServiceManagement.framework/Versions/A/ServiceManagement
0x0000000001285000 	/usr/lib/libxslt.1.dylib
0x0000000001285000 	/System/Library/Frameworks/Carbon.framework/Versions/A/Frameworks/Ink.framework/Versions/A/Ink
0x0000000001285000 	/System/Library/Frameworks/ApplicationServices.framework/Versions/A/Frameworks/ATS.framework/Versions/A/ATS
0x0000000001285000 	/System/Library/Frameworks/ApplicationServices.framework/Versions/A/Frameworks/ColorSync.framework/Versions/A/ColorSync
0x0000000001285000 	/System/Library/Frameworks/ApplicationServices.framework/Versions/A/Frameworks/HIServices.framework/Versions/A/HIServices
0x0000000001285000 	/System/Library/Frameworks/ApplicationServices.framework/Versions/A/Frameworks/LangAnalysis.framework/Versions/A/LangAnalysis
0x0000000001285000 	/System/Library/Frameworks/ApplicationServices.framework/Versions/A/Frameworks/PrintCore.framework/Versions/A/PrintCore
0x0000000001285000 	/System/Library/Frameworks/ApplicationServices.framework/Versions/A/Frameworks/QD.framework/Versions/A/QD
0x0000000001285000 	/System/Library/Frameworks/ApplicationServices.framework/Versions/A/Frameworks/SpeechSynthesis.framework/Versions/A/SpeechSynthesis
0x0000000001285000 	/System/Library/Frameworks/IOSurface.framework/Versions/A/IOSurface
0x0000000001285000 	/System/Library/Frameworks/Accelerate.framework/Versions/A/Accelerate
0x0000000001285000 	/System/Library/Frameworks/Accelerate.framework/Versions/A/Frameworks/vImage.framework/Versions/A/vImage
0x0000000001285000 	/System/Library/Frameworks/Accelerate.framework/Versions/A/Frameworks/vecLib.framework/Versions/A/vecLib
0x0000000001285000 	/System/Library/Frameworks/Accelerate.framework/Versions/A/Frameworks/vecLib.framework/Versions/A/libvDSP.dylib
0x0000000001285000 	/System/Library/Frameworks/Accelerate.framework/Versions/A/Frameworks/vecLib.framework/Versions/A/libvMisc.dylib
0x0000000001285000 	/System/Library/Frameworks/Accelerate.framework/Versions/A/Frameworks/vecLib.framework/Versions/A/libLAPACK.dylib
0x0000000001285000 	/System/Library/Frameworks/Accelerate.framework/Versions/A/Frameworks/vecLib.framework/Versions/A/libBLAS.dylib
0x0000000001285000 	/System/Library/Frameworks/ApplicationServices.framework/Versions/A/Frameworks/ATS.framework/Versions/A/Resources/libFontParser.dylib
0x0000000001285000 	/System/Library/Frameworks/ApplicationServices.framework/Versions/A/Frameworks/ATS.framework/Versions/A/Resources/libFontRegistry.dylib
0x0000000001285000 	/System/Library/Frameworks/ImageIO.framework/Versions/A/Resources/libJPEG.dylib
0x0000000001285000 	/System/Library/Frameworks/ImageIO.framework/Versions/A/Resources/libTIFF.dylib
0x0000000001285000 	/System/Library/Frameworks/ImageIO.framework/Versions/A/Resources/libPng.dylib
0x0000000001285000 	/System/Library/Frameworks/ImageIO.framework/Versions/A/Resources/libGIF.dylib
0x0000000001285000 	/System/Library/Frameworks/ImageIO.framework/Versions/A/Resources/libJP2.dylib
0x0000000001285000 	/System/Library/Frameworks/ImageIO.framework/Versions/A/Resources/libRadiance.dylib
0x0000000001285000 	/usr/lib/libcups.2.dylib
0x0000000001285000 	/System/Library/Frameworks/Kerberos.framework/Versions/A/Kerberos
0x0000000001285000 	/System/Library/Frameworks/GSS.framework/Versions/A/GSS
0x0000000001285000 	/usr/lib/libresolv.9.dylib
0x0000000001285000 	/usr/lib/libiconv.2.dylib
0x0000000001285000 	/System/Library/PrivateFrameworks/Heimdal.framework/Versions/A/Heimdal
0x0000000001285000 	/System/Library/PrivateFrameworks/TrustEvaluationAgent.framework/Versions/A/TrustEvaluationAgent
0x0000000001285000 	/usr/lib/libheimdal-asn1.dylib
0x0000000001285000 	/System/Library/Frameworks/OpenDirectory.framework/Versions/A/OpenDirectory
0x0000000001285000 	/System/Library/PrivateFrameworks/CommonAuth.framework/Versions/A/CommonAuth
0x0000000001285000 	/System/Library/Frameworks/SecurityFoundation.framework/Versions/A/SecurityFoundation
0x0000000001285000 	/System/Library/PrivateFrameworks/Bom.framework/Versions/A/Bom
0x0000000001285000 	/System/Library/Frameworks/CoreVideo.framework/Versions/A/CoreVideo
0x0000000001285000 	/System/Library/Frameworks/QuartzCore.framework/Versions/A/Frameworks/CoreImage.framework/Versions/A/CoreImage
0x0000000001285000 	/System/Library/Frameworks/QuartzCore.framework/Versions/A/Frameworks/ScalableUserInterface.framework/Versions/A/ScalableUserInterface
0x0000000001285000 	/System/Library/Frameworks/OpenGL.framework/Versions/A/Libraries/libGLU.dylib
0x0000000001285000 	/System/Library/Frameworks/OpenGL.framework/Versions/A/Libraries/libGFXShared.dylib
0x0000000001285000 	/System/Library/Frameworks/OpenGL.framework/Versions/A/Libraries/libGL.dylib
0x0000000001285000 	/System/Library/Frameworks/OpenGL.framework/Versions/A/Libraries/libGLImage.dylib
0x0000000001285000 	/System/Library/Frameworks/OpenGL.framework/Versions/A/Libraries/libCVMSPluginSupport.dylib
0x0000000001285000 	/System/Library/Frameworks/OpenGL.framework/Versions/A/Libraries/libCoreVMClient.dylib
0x0000000001285000 	/System/Library/PrivateFrameworks/FaceCore.framework/Versions/A/FaceCore
0x0000000001285000 	/System/Library/PrivateFrameworks/CrashReporterSupport.framework/Versions/A/CrashReporterSupport
0x0000000001285000 	/System/Library/Frameworks/OpenCL.framework/Versions/A/OpenCL
0x0000000001285000 	/System/Library/PrivateFrameworks/AppleFSCompression.framework/Versions/A/AppleFSCompression
0x0000000001285000 	/System/Library/PrivateFrameworks/Ubiquity.framework/Versions/A/Ubiquity
0x0000000001285000 	/System/Library/PrivateFrameworks/IconServices.framework/Versions/A/IconServices
0x0000000001285000 	/System/Library/PrivateFrameworks/ChunkingLibrary.framework/Versions/A/ChunkingLibrary
0x0000000001285000 	/System/Library/PrivateFrameworks/CoreSymbolication.framework/Versions/A/CoreSymbolication
0x0000000001285000 	/System/Library/PrivateFrameworks/Symbolication.framework/Versions/A/Symbolication
0x0000000001285000 	/System/Library/PrivateFrameworks/DebugSymbols.framework/Versions/A/DebugSymbols
0x0000000108200000 	/Library/Java/JavaVirtualMachines/jdk1.7.0_07.jdk/Contents/Home/jre/lib/server/libjvm.dylib
0x0000000001285000 	/usr/lib/libstdc++.6.dylib
0x0000000107147000 	/Library/Java/JavaVirtualMachines/jdk1.7.0_07.jdk/Contents/Home/jre/lib/libverify.dylib
0x0000000107154000 	/Library/Java/JavaVirtualMachines/jdk1.7.0_07.jdk/Contents/Home/jre/lib/libjava.dylib
0x0000000107185000 	/Library/Java/JavaVirtualMachines/jdk1.7.0_07.jdk/Contents/Home/jre/lib/libjdwp.dylib
0x00000001071c2000 	/Library/Java/JavaVirtualMachines/jdk1.7.0_07.jdk/Contents/Home/jre/lib/./libnpt.dylib
0x00000001071cf000 	/Library/Java/JavaVirtualMachines/jdk1.7.0_07.jdk/Contents/Home/jre/lib/libzip.dylib
0x000000011124f000 	/System/Library/Frameworks/JavaVM.framework/Frameworks/JavaRuntimeSupport.framework/JavaRuntimeSupport
0x0000000111267000 	/System/Library/Frameworks/JavaVM.framework/Versions/A/Frameworks/JavaNativeFoundation.framework/Versions/A/JavaNativeFoundation
0x000000011127c000 	/System/Library/Frameworks/JavaVM.framework/Versions/A/JavaVM
0x0000000001285000 	/System/Library/Frameworks/Carbon.framework/Versions/A/Carbon
0x0000000111289000 	/System/Library/PrivateFrameworks/JavaLaunching.framework/Versions/A/JavaLaunching
0x0000000001285000 	/System/Library/Frameworks/Carbon.framework/Versions/A/Frameworks/CommonPanels.framework/Versions/A/CommonPanels
0x0000000001285000 	/System/Library/Frameworks/Carbon.framework/Versions/A/Frameworks/Help.framework/Versions/A/Help
0x0000000001285000 	/System/Library/Frameworks/Carbon.framework/Versions/A/Frameworks/ImageCapture.framework/Versions/A/ImageCapture
0x0000000001285000 	/System/Library/Frameworks/Carbon.framework/Versions/A/Frameworks/OpenScripting.framework/Versions/A/OpenScripting
0x0000000001285000 	/System/Library/Frameworks/Carbon.framework/Versions/A/Frameworks/Print.framework/Versions/A/Print
0x0000000001285000 	/System/Library/Frameworks/Carbon.framework/Versions/A/Frameworks/SecurityHI.framework/Versions/A/SecurityHI
0x00000001114a0000 	/Library/Java/JavaVirtualMachines/jdk1.7.0_07.jdk/Contents/Home/jre/lib/libdt_socket.dylib
0x000000011209d000 	/Library/Java/JavaVirtualMachines/jdk1.7.0_07.jdk/Contents/Home/jre/lib/libsunec.dylib
0x00000001124c5000 	/Library/Java/JavaVirtualMachines/jdk1.7.0_07.jdk/Contents/Home/jre/lib/libnet.dylib
0x0000000111295000 	/Library/Java/JavaVirtualMachines/jdk1.7.0_07.jdk/Contents/Home/jre/lib/libnio.dylib

VM Arguments:
jvm_args: -agentlib:jdwp=transport=dt_socket,address=127.0.0.1:51405,suspend=y,server=n -Dfile.encoding=UTF-8 
java_command: org.poker.irc.Program
Launcher Type: SUN_STANDARD

Environment Variables:
PATH=/usr/local/bin:/usr/local/sbin:/usr/bin:/usr/sbin:/bin:/sbin
SHELL=/bin/false

Signal Handlers:
SIGSEGV: [libjvm.dylib+0x4a3a1d], sa_mask[0]=0xfffefeff, sa_flags=0x00000042
SIGBUS: [libjvm.dylib+0x4a3a1d], sa_mask[0]=0xfffefeff, sa_flags=0x00000042
SIGFPE: [libjvm.dylib+0x3b3431], sa_mask[0]=0xfffefeff, sa_flags=0x00000042
SIGPIPE: [libjvm.dylib+0x3b3431], sa_mask[0]=0xfffefeff, sa_flags=0x00000042
SIGXFSZ: [libjvm.dylib+0x3b3431], sa_mask[0]=0xfffefeff, sa_flags=0x00000042
SIGILL: [libjvm.dylib+0x3b3431], sa_mask[0]=0xfffefeff, sa_flags=0x00000042
SIGUSR1: SIG_DFL, sa_mask[0]=0x00000000, sa_flags=0x00000002
SIGUSR2: [libjvm.dylib+0x3b2fca], sa_mask[0]=0x00000004, sa_flags=0x00000042
SIGHUP: [libjvm.dylib+0x3b122b], sa_mask[0]=0xfffefeff, sa_flags=0x00000042
SIGINT: [libjvm.dylib+0x3b122b], sa_mask[0]=0xfffefeff, sa_flags=0x00000042
SIGTERM: [libjvm.dylib+0x3b122b], sa_mask[0]=0xfffefeff, sa_flags=0x00000042
SIGQUIT: [libjvm.dylib+0x3b122b], sa_mask[0]=0xfffefeff, sa_flags=0x00000042


---------------  S Y S T E M  ---------------

OS:Bsduname:Darwin 13.0.0 Darwin Kernel Version 13.0.0: Thu Sep 19 22:22:27 PDT 2013; root:xnu-2422.1.72~6/RELEASE_X86_64 x86_64
rlimit: STACK 8192k, CORE 0k, NPROC 709, NOFILE 10240, AS infinity
load average:3.14 3.79 3.14

CPU:total 8 (4 cores per cpu, 2 threads per core) family 6 model 58 stepping 9, cmov, cx8, fxsr, mmx, sse, sse2, sse3, ssse3, sse4.1, sse4.2, popcnt, avx, ht, tsc, tscinvbit, tscinv

Memory: 4k page, physical 3746400k(936600k free)

/proc/meminfo:


vm_info: Java HotSpot(TM) 64-Bit Server VM (23.3-b01) for bsd-amd64 JRE (1.7.0_07-b10), built on Aug 28 2012 18:14:29 by "java_re" with gcc 4.2.1 (Based on Apple Inc. build 5658) (LLVM build 2336.9.00)

time: Thu Jan 16 07:48:18 2014
elapsed time: 381 seconds

